<html>
<head>
<title>TestNG:  Default test</title>
<link href="../testng.css" rel="stylesheet" type="text/css" />
<link href="../my-testng.css" rel="stylesheet" type="text/css" />

<style type="text/css">
.log { display: none;} 
.stack-trace { display: none;} 
</style>
<script type="text/javascript">
<!--
function flip(e) {
  current = e.style.display;
  if (current == 'block') {
    e.style.display = 'none';
    return 0;
  }
  else {
    e.style.display = 'block';
    return 1;
  }
}

function toggleBox(szDivId, elem, msg1, msg2)
{
  var res = -1;  if (document.getElementById) {
    res = flip(document.getElementById(szDivId));
  }
  else if (document.all) {
    // this is the way old msie versions work
    res = flip(document.all[szDivId]);
  }
  if(elem) {
    if(res == 0) elem.innerHTML = msg1; else elem.innerHTML = msg2;
  }

}

function toggleAllBoxes() {
  if (document.getElementsByTagName) {
    d = document.getElementsByTagName('div');
    for (i = 0; i < d.length; i++) {
      if (d[i].className == 'log') {
        flip(d[i]);
      }
    }
  }
}

// -->
</script>

</head>
<body>
<h2 align='center'>Default test</h2><table border='1' align="center">
<tr>
<td>Tests passed/Failed/Skipped:</td><td>0/1/0</td>
</tr><tr>
<td>Started on:</td><td>Sat Jun 11 15:13:09 BST 2022</td>
</tr>
<tr><td>Total time:</td><td>1 seconds (1874 ms)</td>
</tr><tr>
<td>Included groups:</td><td></td>
</tr><tr>
<td>Excluded groups:</td><td></td>
</tr>
</table><p/>
<small><i>(Hover the method name to see the test class name)</i></small><p/>
<table width='100%' border='1' class='invocation-failed'>
<tr><td colspan='4' align='center'><b>FAILED TESTS</b></td></tr>
<tr><td><b>Test method</b></td>
<td width="30%"><b>Exception</b></td>
<td width="10%"><b>Time (seconds)</b></td>
<td><b>Instance</b></td>
</tr>
<tr>
<td title='steps.RunnerFile.runScenario()'><b>runScenario</b><br>Test class: steps.RunnerFile<br>Test method: Runs Cucumber Scenarios<br>Parameters: cucumber.api.testng.CucumberExceptionWrapper@cc43f62, null</td>
<td><div><pre>cucumber.runtime.CucumberException: Failed to parse resource at: file:src/test/java/features/doc.feature
	at cucumber.runtime.model.FeatureParser.parseResource(FeatureParser.java:40)
	at cucumber.runtime.model.FeatureBuilder.parse(FeatureBuilder.java:25)
	at cucumber.runtime.model.FeatureLoader.loadFromFeaturePath(FeatureLoader.java:36)
	at cucumber.runtime.model.FeatureLoader.load(FeatureLoader.java:23)
	at cucumber.runtime.FeaturePathFeatureSupplier.get(FeaturePathFeatureSupplier.java:33)
	at cucumber.api.testng.TestNGCucumberRunner.getFeatures(TestNGCucumberRunner.java:93)
	at cucumber.api.testng.TestNGCucumberRunner.provideScenarios(TestNGCucumberRunner.java:76)
	at cucumber.api.testng.AbstractTestNGCucumberTests.scenarios(AbstractTestNGCucumberTests.java:35)
	at java.base/jdk.internal.reflect.NativeMethodAccessorImpl.invoke0(Native Method)
	at java.base/jdk.internal.reflect.NativeMethodAccessorImpl.invoke(NativeMethodAccessorImpl.java:77)
	at java.base/jdk.internal.reflect.DelegatingMethodAccessorImpl.invoke(DelegatingMethodAccessorImpl.java:43)
	at java.base/java.lang.reflect.Method.invoke(Method.java:568)
	at org.testng.internal.MethodInvocationHelper.invokeMethod(MethodInvocationHelper.java:133)
	at org.testng.internal.MethodInvocationHelper.invokeMethod(MethodInvocationHelper.java:77)
	at org.testng.internal.MethodInvocationHelper.invokeMethodNoCheckedException(MethodInvocationHelper.java:46)
	at org.testng.internal.MethodInvocationHelper.invokeDataProvider(MethodInvocationHelper.java:146)
	at org.testng.internal.Parameters.handleParameters(Parameters.java:820)
	at org.testng.internal.Parameters.handleParameters(Parameters.java:762)
	at org.testng.internal.ParameterHandler.handleParameters(ParameterHandler.java:60)
	at org.testng.internal.ParameterHandler.createParameters(ParameterHandler.java:39)
	at org.testng.internal.TestInvoker$MethodInvocationAgent.invoke(TestInvoker.java:771)
	at org.testng.internal.TestInvoker.invokeTestMethods(TestInvoker.java:145)
	at org.testng.internal.TestMethodWorker.invokeTestMethods(TestMethodWorker.java:146)
	at org.testng.internal.TestMethodWorker.run(TestMethodWorker.java:128)
	at java.base/java.util.ArrayList.forEach(ArrayList.java:1511)
	at org.testng.TestRunner.privateRun(TestRunner.java:770)
	at org.testng.TestRunner.run(TestRunner.java:591)
	at org.testng.SuiteRunner.runTest(SuiteRunner.java:402)
	at org.testng.SuiteRunner.runSequentially(SuiteRunner.java:396)
	at org.testng.SuiteRunner.privateRun(SuiteRunner.java:355)
	at org.testng.SuiteRunner.run(SuiteRunner.java:304)
	at org.testng.SuiteRunnerWorker.runSuite(SuiteRunnerWorker.java:53)
	at org.testng.SuiteRunnerWorker.run(SuiteRunnerWorker.java:96)
	at org.testng.TestNG.runSuitesSequentially(TestNG.java:1180)
	at org.testng.TestNG.runSuitesLocally(TestNG.java:1102)
	at org.testng.TestNG.runSuites(TestNG.java:1032)
	at org.testng.TestNG.run(TestNG.java:1000)
	at org.testng.remote.AbstractRemoteTestNG.run(AbstractRemoteTestNG.java:115)
	at org.testng.remote.RemoteTestNG.initAndRun(RemoteTestNG.java:251)
	at org.testng.remote.RemoteTestNG.main(RemoteTestNG.java:77)
Caused by: gherkin.ParserException$CompositeParserException: Parser errors:
(5:1): expected: #TagLine, #ScenarioLine, #ScenarioOutlineLine, #Comment, #Empty, got &apos;Scenario outline: TC001_Login and Logout&apos;
(7:1): expected: #TagLine, #ScenarioLine, #ScenarioOutlineLine, #Comment, #Empty, got &apos;Given Lounch ChromeBrowser and Load Url&apos;
(8:1): expected: #TagLine, #ScenarioLine, #ScenarioOutlineLine, #Comment, #Empty, got &apos;And Enter username as &lt;username&gt;&apos;
(9:1): expected: #TagLine, #ScenarioLine, #ScenarioOutlineLine, #Comment, #Empty, got &apos;And Enter password as &lt;password&gt;&apos;
(10:1): expected: #TagLine, #ScenarioLine, #ScenarioOutlineLine, #Comment, #Empty, got &apos;When Click  the Login button&apos;
(11:1): expected: #TagLine, #ScenarioLine, #ScenarioOutlineLine, #Comment, #Empty, got &apos;Then it&apos;s navigated homepage&apos;
(12:1): expected: #TagLine, #ScenarioLine, #ScenarioOutlineLine, #Comment, #Empty, got &apos;And click the logout button&apos;
(13:1): expected: #TagLine, #ScenarioLine, #ScenarioOutlineLine, #Comment, #Empty, got &apos;And close browser&apos;
(15:1): expected: #TagLine, #ScenarioLine, #ScenarioOutlineLine, #Comment, #Empty, got &apos;Examples:&apos;
(16:1): expected: #TagLine, #ScenarioLine, #ScenarioOutlineLine, #Comment, #Empty, got &apos;|username|password|&apos;
(17:1): expected: #TagLine, #ScenarioLine, #ScenarioOutlineLine, #Comment, #Empty, got &apos;|DemoSalesManager|crmsfa|&apos;
	at gherkin.Parser.addError(Parser.java:152)
	at gherkin.Parser.matchTokenAt_11(Parser.java:1195)
	at gherkin.Parser.matchToken(Parser.java:370)
	at gherkin.Parser.parse(Parser.java:137)
	at gherkin.Parser.parse(Parser.java:118)
	at gherkin.Parser.parse(Parser.java:114)
	at cucumber.runtime.model.FeatureParser.parseResource(FeatureParser.java:36)
	... 39 more
</pre></div><a href='#' onClick='toggleBox("stack-trace2114289475", this, "Click to show all stack frames", "Click to hide stack frames")'>Click to show all stack frames</a>
<div class='stack-trace' id='stack-trace2114289475'><pre>cucumber.runtime.CucumberException: Failed to parse resource at: file:src/test/java/features/doc.feature
	at cucumber.runtime.model.FeatureParser.parseResource(FeatureParser.java:40)
	at cucumber.runtime.model.FeatureBuilder.parse(FeatureBuilder.java:25)
	at cucumber.runtime.model.FeatureLoader.loadFromFeaturePath(FeatureLoader.java:36)
	at cucumber.runtime.model.FeatureLoader.load(FeatureLoader.java:23)
	at cucumber.runtime.FeaturePathFeatureSupplier.get(FeaturePathFeatureSupplier.java:33)
	at cucumber.api.testng.TestNGCucumberRunner.getFeatures(TestNGCucumberRunner.java:93)
	at cucumber.api.testng.TestNGCucumberRunner.provideScenarios(TestNGCucumberRunner.java:76)
	at cucumber.api.testng.AbstractTestNGCucumberTests.scenarios(AbstractTestNGCucumberTests.java:35)
	at java.base/jdk.internal.reflect.NativeMethodAccessorImpl.invoke0(Native Method)
	at java.base/jdk.internal.reflect.NativeMethodAccessorImpl.invoke(NativeMethodAccessorImpl.java:77)
	at java.base/jdk.internal.reflect.DelegatingMethodAccessorImpl.invoke(DelegatingMethodAccessorImpl.java:43)
	at java.base/java.lang.reflect.Method.invoke(Method.java:568)
	at org.testng.internal.MethodInvocationHelper.invokeMethod(MethodInvocationHelper.java:133)
	at org.testng.internal.MethodInvocationHelper.invokeMethod(MethodInvocationHelper.java:77)
	at org.testng.internal.MethodInvocationHelper.invokeMethodNoCheckedException(MethodInvocationHelper.java:46)
	at org.testng.internal.MethodInvocationHelper.invokeDataProvider(MethodInvocationHelper.java:146)
	at org.testng.internal.Parameters.handleParameters(Parameters.java:820)
	at org.testng.internal.Parameters.handleParameters(Parameters.java:762)
	at org.testng.internal.ParameterHandler.handleParameters(ParameterHandler.java:60)
	at org.testng.internal.ParameterHandler.createParameters(ParameterHandler.java:39)
	at org.testng.internal.TestInvoker$MethodInvocationAgent.invoke(TestInvoker.java:771)
	at org.testng.internal.TestInvoker.invokeTestMethods(TestInvoker.java:145)
	at org.testng.internal.TestMethodWorker.invokeTestMethods(TestMethodWorker.java:146)
	at org.testng.internal.TestMethodWorker.run(TestMethodWorker.java:128)
	at java.base/java.util.ArrayList.forEach(ArrayList.java:1511)
	at org.testng.TestRunner.privateRun(TestRunner.java:770)
	at org.testng.TestRunner.run(TestRunner.java:591)
	at org.testng.SuiteRunner.runTest(SuiteRunner.java:402)
	at org.testng.SuiteRunner.runSequentially(SuiteRunner.java:396)
	at org.testng.SuiteRunner.privateRun(SuiteRunner.java:355)
	at org.testng.SuiteRunner.run(SuiteRunner.java:304)
	at org.testng.SuiteRunnerWorker.runSuite(SuiteRunnerWorker.java:53)
	at org.testng.SuiteRunnerWorker.run(SuiteRunnerWorker.java:96)
	at org.testng.TestNG.runSuitesSequentially(TestNG.java:1180)
	at org.testng.TestNG.runSuitesLocally(TestNG.java:1102)
	at org.testng.TestNG.runSuites(TestNG.java:1032)
	at org.testng.TestNG.run(TestNG.java:1000)
	at org.testng.remote.AbstractRemoteTestNG.run(AbstractRemoteTestNG.java:115)
	at org.testng.remote.RemoteTestNG.initAndRun(RemoteTestNG.java:251)
	at org.testng.remote.RemoteTestNG.main(RemoteTestNG.java:77)
Caused by: gherkin.ParserException$CompositeParserException: Parser errors:
(5:1): expected: #TagLine, #ScenarioLine, #ScenarioOutlineLine, #Comment, #Empty, got &apos;Scenario outline: TC001_Login and Logout&apos;
(7:1): expected: #TagLine, #ScenarioLine, #ScenarioOutlineLine, #Comment, #Empty, got &apos;Given Lounch ChromeBrowser and Load Url&apos;
(8:1): expected: #TagLine, #ScenarioLine, #ScenarioOutlineLine, #Comment, #Empty, got &apos;And Enter username as &lt;username&gt;&apos;
(9:1): expected: #TagLine, #ScenarioLine, #ScenarioOutlineLine, #Comment, #Empty, got &apos;And Enter password as &lt;password&gt;&apos;
(10:1): expected: #TagLine, #ScenarioLine, #ScenarioOutlineLine, #Comment, #Empty, got &apos;When Click  the Login button&apos;
(11:1): expected: #TagLine, #ScenarioLine, #ScenarioOutlineLine, #Comment, #Empty, got &apos;Then it&apos;s navigated homepage&apos;
(12:1): expected: #TagLine, #ScenarioLine, #ScenarioOutlineLine, #Comment, #Empty, got &apos;And click the logout button&apos;
(13:1): expected: #TagLine, #ScenarioLine, #ScenarioOutlineLine, #Comment, #Empty, got &apos;And close browser&apos;
(15:1): expected: #TagLine, #ScenarioLine, #ScenarioOutlineLine, #Comment, #Empty, got &apos;Examples:&apos;
(16:1): expected: #TagLine, #ScenarioLine, #ScenarioOutlineLine, #Comment, #Empty, got &apos;|username|password|&apos;
(17:1): expected: #TagLine, #ScenarioLine, #ScenarioOutlineLine, #Comment, #Empty, got &apos;|DemoSalesManager|crmsfa|&apos;
	at gherkin.Parser.addError(Parser.java:152)
	at gherkin.Parser.matchTokenAt_11(Parser.java:1195)
	at gherkin.Parser.matchToken(Parser.java:370)
	at gherkin.Parser.parse(Parser.java:137)
	at gherkin.Parser.parse(Parser.java:118)
	at gherkin.Parser.parse(Parser.java:114)
	at cucumber.runtime.model.FeatureParser.parseResource(FeatureParser.java:36)
	... 39 more
</pre></div></td>
<td>0</td>
<td>steps.RunnerFile@1ed1993a</td></tr>
</table><p>
</body>
</html>