<?xml version="1.0" encoding="UTF-8"?>
<!-- Generated by org.testng.reporters.JUnitReportReporter -->
<testsuite hostname="HP" failures="0" tests="1" name="steps.RunnerFile" time="0.037" errors="1" timestamp="2022-06-11T15:13:11 BST" skipped="0">
  <testcase classname="steps.RunnerFile" name="runScenario" time="0.037">
    <error message="Failed to parse resource at: file:src/test/java/features/doc.feature" type="cucumber.runtime.CucumberException">
      <![CDATA[cucumber.runtime.CucumberException: Failed to parse resource at: file:src/test/java/features/doc.feature
at cucumber.runtime.model.FeatureParser.parseResource(FeatureParser.java:40)
at cucumber.runtime.model.FeatureBuilder.parse(FeatureBuilder.java:25)
at cucumber.runtime.model.FeatureLoader.loadFromFeaturePath(FeatureLoader.java:36)
at cucumber.runtime.model.FeatureLoader.load(FeatureLoader.java:23)
at cucumber.runtime.FeaturePathFeatureSupplier.get(FeaturePathFeatureSupplier.java:33)
at cucumber.api.testng.TestNGCucumberRunner.getFeatures(TestNGCucumberRunner.java:93)
at cucumber.api.testng.TestNGCucumberRunner.provideScenarios(TestNGCucumberRunner.java:76)
at cucumber.api.testng.AbstractTestNGCucumberTests.scenarios(AbstractTestNGCucumberTests.java:35)
at java.base/jdk.internal.reflect.NativeMethodAccessorImpl.invoke0(Native Method)
at java.base/jdk.internal.reflect.NativeMethodAccessorImpl.invoke(NativeMethodAccessorImpl.java:77)
at java.base/jdk.internal.reflect.DelegatingMethodAccessorImpl.invoke(DelegatingMethodAccessorImpl.java:43)
at java.base/java.lang.reflect.Method.invoke(Method.java:568)
at org.testng.internal.MethodInvocationHelper.invokeMethod(MethodInvocationHelper.java:133)
at org.testng.internal.MethodInvocationHelper.invokeMethod(MethodInvocationHelper.java:77)
at org.testng.internal.MethodInvocationHelper.invokeMethodNoCheckedException(MethodInvocationHelper.java:46)
at org.testng.internal.MethodInvocationHelper.invokeDataProvider(MethodInvocationHelper.java:146)
at org.testng.internal.Parameters.handleParameters(Parameters.java:820)
at org.testng.internal.Parameters.handleParameters(Parameters.java:762)
at org.testng.internal.ParameterHandler.handleParameters(ParameterHandler.java:60)
at org.testng.internal.ParameterHandler.createParameters(ParameterHandler.java:39)
at org.testng.internal.TestInvoker$MethodInvocationAgent.invoke(TestInvoker.java:771)
at org.testng.internal.TestInvoker.invokeTestMethods(TestInvoker.java:145)
at org.testng.internal.TestMethodWorker.invokeTestMethods(TestMethodWorker.java:146)
at org.testng.internal.TestMethodWorker.run(TestMethodWorker.java:128)
at java.base/java.util.ArrayList.forEach(ArrayList.java:1511)
at org.testng.TestRunner.privateRun(TestRunner.java:770)
at org.testng.TestRunner.run(TestRunner.java:591)
at org.testng.SuiteRunner.runTest(SuiteRunner.java:402)
at org.testng.SuiteRunner.runSequentially(SuiteRunner.java:396)
at org.testng.SuiteRunner.privateRun(SuiteRunner.java:355)
at org.testng.SuiteRunner.run(SuiteRunner.java:304)
at org.testng.SuiteRunnerWorker.runSuite(SuiteRunnerWorker.java:53)
at org.testng.SuiteRunnerWorker.run(SuiteRunnerWorker.java:96)
at org.testng.TestNG.runSuitesSequentially(TestNG.java:1180)
at org.testng.TestNG.runSuitesLocally(TestNG.java:1102)
at org.testng.TestNG.runSuites(TestNG.java:1032)
at org.testng.TestNG.run(TestNG.java:1000)
at org.testng.remote.AbstractRemoteTestNG.run(AbstractRemoteTestNG.java:115)
at org.testng.remote.RemoteTestNG.initAndRun(RemoteTestNG.java:251)
at org.testng.remote.RemoteTestNG.main(RemoteTestNG.java:77)
Caused by: gherkin.ParserException$CompositeParserException: Parser errors:
(5:1): expected: #TagLine, #ScenarioLine, #ScenarioOutlineLine, #Comment, #Empty, got 'Scenario outline: TC001_Login and Logout'
(7:1): expected: #TagLine, #ScenarioLine, #ScenarioOutlineLine, #Comment, #Empty, got 'Given Lounch ChromeBrowser and Load Url'
(8:1): expected: #TagLine, #ScenarioLine, #ScenarioOutlineLine, #Comment, #Empty, got 'And Enter username as <username>'
(9:1): expected: #TagLine, #ScenarioLine, #ScenarioOutlineLine, #Comment, #Empty, got 'And Enter password as <password>'
(10:1): expected: #TagLine, #ScenarioLine, #ScenarioOutlineLine, #Comment, #Empty, got 'When Click  the Login button'
(11:1): expected: #TagLine, #ScenarioLine, #ScenarioOutlineLine, #Comment, #Empty, got 'Then it's navigated homepage'
(12:1): expected: #TagLine, #ScenarioLine, #ScenarioOutlineLine, #Comment, #Empty, got 'And click the logout button'
(13:1): expected: #TagLine, #ScenarioLine, #ScenarioOutlineLine, #Comment, #Empty, got 'And close browser'
(15:1): expected: #TagLine, #ScenarioLine, #ScenarioOutlineLine, #Comment, #Empty, got 'Examples:'
(16:1): expected: #TagLine, #ScenarioLine, #ScenarioOutlineLine, #Comment, #Empty, got '|username|password|'
(17:1): expected: #TagLine, #ScenarioLine, #ScenarioOutlineLine, #Comment, #Empty, got '|DemoSalesManager|crmsfa|'
at gherkin.Parser.addError(Parser.java:152)
at gherkin.Parser.matchTokenAt_11(Parser.java:1195)
at gherkin.Parser.matchToken(Parser.java:370)
at gherkin.Parser.parse(Parser.java:137)
at gherkin.Parser.parse(Parser.java:118)
at gherkin.Parser.parse(Parser.java:114)
at cucumber.runtime.model.FeatureParser.parseResource(FeatureParser.java:36)
... 39 more
]]>
    </error>
  </testcase> <!-- runScenario -->
</testsuite> <!-- steps.RunnerFile -->
